<?xml version="1.0" encoding="UTF-8"?>
<!-- Generated by org.testng.reporters.JUnitReportReporter -->
<testsuite hostname="DESKTOP-TSG85OL" failures="0" tests="1" name="Testng1.RoyalEndfiled" time="127.535" errors="0" timestamp="2024-11-14T15:35:59 IST" skipped="0">
  <testcase classname="Testng1.RoyalEndfiled" name="royalEndfiled" time="127.535"/>
  <system-out>
    <![CDATA[Im in royalenfiled]]>
  </system-out>
</testsuite> <!-- Testng1.RoyalEndfiled -->
