<?xml version="1.0" encoding="UTF-8"?>
<!-- Generated by org.testng.reporters.JUnitReportReporter -->
<testsuite hostname="DESKTOP-TSG85OL" failures="0" tests="1" name="BatchExecution.TestCase10" time="2.411" errors="0" timestamp="2024-11-27T12:03:02 IST" skipped="0">
  <testcase classname="BatchExecution.TestCase10" name="bookMyShow" time="2.411"/>
  <system-out>
    <![CDATA[BookMyShow]]>
  </system-out>
</testsuite> <!-- BatchExecution.TestCase10 -->
