<?xml version="1.0" encoding="UTF-8"?>
<!-- Generated by org.testng.reporters.JUnitReportReporter -->
<testsuite hostname="DESKTOP-TSG85OL" failures="0" tests="1" name="BatchExecution.TestCase8" time="7.208" errors="0" timestamp="2024-11-27T12:03:02 IST" skipped="0">
  <testcase classname="BatchExecution.TestCase8" name="makeMyTrip" time="7.208"/>
  <system-out>
    <![CDATA[make my trip]]>
  </system-out>
</testsuite> <!-- BatchExecution.TestCase8 -->
