<?xml version="1.0" encoding="UTF-8"?>
<!-- Generated by org.testng.reporters.JUnitReportReporter -->
<testsuite hostname="DESKTOP-TSG85OL" failures="0" tests="1" name="BatchExecution.TestCase9" time="2.228" errors="0" timestamp="2024-11-27T12:03:02 IST" skipped="0">
  <testcase classname="BatchExecution.TestCase9" name="agoda" time="2.228"/>
  <system-out>
    <![CDATA[agoda]]>
  </system-out>
</testsuite> <!-- BatchExecution.TestCase9 -->
