<?xml version="1.0" encoding="UTF-8"?>
<!-- Generated by org.testng.reporters.JUnitReportReporter -->
<testsuite hostname="DESKTOP-TSG85OL" failures="0" tests="1" name="Basic.DateFetching" time="0.095" errors="0" timestamp="2024-11-28T11:03:18 IST" skipped="0">
  <testcase classname="Basic.DateFetching" name="main" time="0.095"/>
  <system-out/>
</testsuite> <!-- Basic.DateFetching -->
