<?xml version="1.0" encoding="UTF-8"?>
<!-- Generated by org.testng.reporters.JUnitReportReporter -->
<testsuite hostname="DESKTOP-TSG85OL" failures="0" tests="1" name="Basic.CrossBrowserUsingParameters" time="0.011" errors="0" timestamp="2024-11-14T15:15:08 IST" skipped="0">
  <testcase classname="Basic.CrossBrowserUsingParameters" name="main" time="0.011"/>
  <system-out/>
</testsuite> <!-- Basic.CrossBrowserUsingParameters -->
