<?xml version="1.0" encoding="UTF-8"?>
<!-- Generated by org.testng.reporters.JUnitReportReporter -->
<testsuite hostname="DESKTOP-TSG85OL" failures="0" tests="1" name="Testng1.Honda" time="76.762" errors="0" timestamp="2024-11-14T15:35:59 IST" skipped="0">
  <testcase classname="Testng1.Honda" name="honda" time="76.762"/>
  <system-out>
    <![CDATA[Im honda]]>
  </system-out>
</testsuite> <!-- Testng1.Honda -->
