<?xml version="1.0" encoding="UTF-8"?>
<!-- Generated by org.testng.reporters.JUnitReportReporter -->
<testsuite hostname="DESKTOP-TSG85OL" failures="0" tests="1" name="BatchExecution.TestCase2" time="7.153" errors="0" timestamp="2024-11-27T12:03:02 IST" skipped="0">
  <testcase classname="BatchExecution.TestCase2" name="amazon" time="7.153"/>
  <system-out>
    <![CDATA[Im amazon]]>
  </system-out>
</testsuite> <!-- BatchExecution.TestCase2 -->
