<?xml version="1.0" encoding="UTF-8"?>
<!-- Generated by org.testng.reporters.JUnitReportReporter -->
<testsuite hostname="DESKTOP-TSG85OL" failures="0" tests="1" name="Testeng2.Nike" time="34.881" errors="0" timestamp="2024-11-14T15:35:59 IST" skipped="0">
  <testcase classname="Testeng2.Nike" name="nike" time="34.881"/>
  <system-out>
    <![CDATA[im nike]]>
  </system-out>
</testsuite> <!-- Testeng2.Nike -->
