<?xml version="1.0" encoding="UTF-8"?>
<!-- Generated by org.testng.reporters.JUnitReportReporter -->
<testsuite hostname="DESKTOP-TSG85OL" failures="0" tests="1" name="Testng1.Kawasaki" time="143.943" errors="0" timestamp="2024-11-14T15:35:59 IST" skipped="0">
  <testcase classname="Testng1.Kawasaki" name="kawasaki" time="143.943"/>
  <system-out>
    <![CDATA[Im kawasaki]]>
  </system-out>
</testsuite> <!-- Testng1.Kawasaki -->
