<?xml version="1.0" encoding="UTF-8"?>
<!-- Generated by org.testng.reporters.JUnitReportReporter -->
<testsuite hostname="DESKTOP-TSG85OL" failures="0" tests="1" name="Assertion.AssertTrue" time="7.851" errors="0" timestamp="2024-11-15T16:34:37 IST" skipped="0">
  <testcase classname="Assertion.AssertTrue" name="main" time="7.851"/>
  <system-out>
    <![CDATA[im in dws page]]>
  </system-out>
</testsuite> <!-- Assertion.AssertTrue -->
