<?xml version="1.0" encoding="UTF-8"?>
<!-- Generated by org.testng.reporters.JUnitReportReporter -->
<testsuite hostname="DESKTOP-TSG85OL" failures="0" tests="3" name="BatchExecution.TestCase1" time="57.867" errors="0" timestamp="2024-11-27T12:03:02 IST" skipped="0">
  <testcase classname="BatchExecution.TestCase1" name="honda" time="24.546"/>
  <system-out>
    <![CDATA[Im honda]]>
  </system-out>
  <testcase classname="BatchExecution.TestCase1" name="kawasaki" time="20.158"/>
  <system-out>
    <![CDATA[Im kawasaki]]>
  </system-out>
  <testcase classname="BatchExecution.TestCase1" name="royalEndfiled" time="13.163"/>
  <system-out>
    <![CDATA[Im in royalenfiled]]>
  </system-out>
</testsuite> <!-- BatchExecution.TestCase1 -->
