<?xml version="1.0" encoding="UTF-8"?>
<!-- Generated by org.testng.reporters.JUnitReportReporter -->
<testsuite hostname="DESKTOP-TSG85OL" failures="0" tests="1" name="Testeng2.Adidas" time="29.178" errors="0" timestamp="2024-11-14T15:35:59 IST" skipped="0">
  <testcase classname="Testeng2.Adidas" name="adidas" time="29.178"/>
  <system-out>
    <![CDATA[im adidas]]>
  </system-out>
</testsuite> <!-- Testeng2.Adidas -->
