<?xml version="1.0" encoding="UTF-8"?>
<!-- Generated by org.testng.reporters.JUnitReportReporter -->
<testsuite hostname="DESKTOP-TSG85OL" failures="0" tests="1" name="BatchExecution.TestCase7" time="13.616" errors="0" timestamp="2024-11-27T12:03:02 IST" skipped="0">
  <testcase classname="BatchExecution.TestCase7" name="jira" time="13.616"/>
  <system-out>
    <![CDATA[Im jira]]>
  </system-out>
</testsuite> <!-- BatchExecution.TestCase7 -->
