<?xml version="1.0" encoding="UTF-8"?>
<!-- Generated by org.testng.reporters.JUnitReportReporter -->
<testsuite hostname="DESKTOP-TSG85OL" failures="0" tests="1" name="BatchExecution.TestCase5" time="4.161" errors="0" timestamp="2024-11-27T12:03:02 IST" skipped="0">
  <testcase classname="BatchExecution.TestCase5" name="qtalk" time="4.161"/>
  <system-out>
    <![CDATA[Im qtalk]]>
  </system-out>
</testsuite> <!-- BatchExecution.TestCase5 -->
