<?xml version="1.0" encoding="UTF-8"?>
<!-- Generated by org.testng.reporters.JUnitReportReporter -->
<testsuite hostname="DESKTOP-TSG85OL" failures="0" tests="1" name="Testeng2.Puma" time="6.671" errors="0" timestamp="2024-11-14T15:35:59 IST" skipped="0">
  <testcase classname="Testeng2.Puma" name="puma" time="6.671"/>
  <system-out>
    <![CDATA[Im puma]]>
  </system-out>
</testsuite> <!-- Testeng2.Puma -->
